mode: set
github.com/t-mutaguchi-10antz/example-cicd-gcp/cmd/server/server.go:27.13,30.2 2 1
github.com/t-mutaguchi-10antz/example-cicd-gcp/cmd/server/server.go:32.13,40.16 5 0
github.com/t-mutaguchi-10antz/example-cicd-gcp/cmd/server/server.go:52.2,53.16 1 0
github.com/t-mutaguchi-10antz/example-cicd-gcp/cmd/server/server.go:77.2,77.32 1 0
github.com/t-mutaguchi-10antz/example-cicd-gcp/cmd/server/server.go:40.16,41.11 1 0
github.com/t-mutaguchi-10antz/example-cicd-gcp/cmd/server/server.go:45.4,45.14 1 0
github.com/t-mutaguchi-10antz/example-cicd-gcp/cmd/server/server.go:42.15,42.15 0 0
github.com/t-mutaguchi-10antz/example-cicd-gcp/cmd/server/server.go:43.18,43.18 0 0
github.com/t-mutaguchi-10antz/example-cicd-gcp/cmd/server/server.go:47.19,49.4 1 0
github.com/t-mutaguchi-10antz/example-cicd-gcp/cmd/server/server.go:53.16,56.64 2 0
github.com/t-mutaguchi-10antz/example-cicd-gcp/cmd/server/server.go:61.4,61.14 1 0
github.com/t-mutaguchi-10antz/example-cicd-gcp/cmd/server/server.go:56.64,59.5 2 0
github.com/t-mutaguchi-10antz/example-cicd-gcp/cmd/server/server.go:63.19,69.44 4 0
github.com/t-mutaguchi-10antz/example-cicd-gcp/cmd/server/server.go:73.4,73.34 1 0
github.com/t-mutaguchi-10antz/example-cicd-gcp/cmd/server/server.go:69.44,71.5 1 0
github.com/t-mutaguchi-10antz/example-cicd-gcp/cmd/server/server.go:77.32,79.3 1 0
github.com/t-mutaguchi-10antz/example-cicd-gcp/cmd/server/server.go:82.16,84.37 2 1
github.com/t-mutaguchi-10antz/example-cicd-gcp/cmd/server/server.go:90.2,91.78 2 1
github.com/t-mutaguchi-10antz/example-cicd-gcp/cmd/server/server.go:92.2,92.74 1 1
github.com/t-mutaguchi-10antz/example-cicd-gcp/cmd/server/server.go:100.2,100.67 1 1
github.com/t-mutaguchi-10antz/example-cicd-gcp/cmd/server/server.go:111.2,114.3 1 1
github.com/t-mutaguchi-10antz/example-cicd-gcp/cmd/server/server.go:84.37,86.3 1 1
github.com/t-mutaguchi-10antz/example-cicd-gcp/cmd/server/server.go:86.8,88.3 1 0
github.com/t-mutaguchi-10antz/example-cicd-gcp/cmd/server/server.go:91.79,91.80 0 0
github.com/t-mutaguchi-10antz/example-cicd-gcp/cmd/server/server.go:92.74,94.18 2 0
github.com/t-mutaguchi-10antz/example-cicd-gcp/cmd/server/server.go:94.18,96.4 1 0
github.com/t-mutaguchi-10antz/example-cicd-gcp/cmd/server/server.go:96.9,98.4 1 0
github.com/t-mutaguchi-10antz/example-cicd-gcp/cmd/server/server.go:100.67,109.3 5 0
github.com/t-mutaguchi-10antz/example-cicd-gcp/cmd/server/server.go:117.16,125.33 3 1
github.com/t-mutaguchi-10antz/example-cicd-gcp/cmd/server/server.go:132.2,132.32 1 1
github.com/t-mutaguchi-10antz/example-cicd-gcp/cmd/server/server.go:126.14,127.95 1 0
github.com/t-mutaguchi-10antz/example-cicd-gcp/cmd/server/server.go:128.10,129.95 1 1
github.com/t-mutaguchi-10antz/example-cicd-gcp/cmd/server/server.go:133.15,135.22 2 1
github.com/t-mutaguchi-10antz/example-cicd-gcp/cmd/server/server.go:136.14,138.22 2 0
github.com/t-mutaguchi-10antz/example-cicd-gcp/cmd/server/server.go:139.15,141.22 2 0
github.com/t-mutaguchi-10antz/example-cicd-gcp/cmd/server/server.go:142.25,144.22 2 0
github.com/t-mutaguchi-10antz/example-cicd-gcp/cmd/server/server.go:145.15,147.22 2 0
github.com/t-mutaguchi-10antz/example-cicd-gcp/cmd/server/server.go:148.15,150.22 2 0
github.com/t-mutaguchi-10antz/example-cicd-gcp/cmd/server/server.go:151.10,153.22 2 0
